Exception at PC 0x00007FFFF0FC9E08
Exception at PC 0x00007FFFF0FC9E08
Unable to capture context for thread 8576 in process 8768, can not generate back trace
Unable to capture context for thread 9916 in process 8768, can not generate back trace
Unable to capture context for thread 10584 in process 8768, can not generate back trace
Exception at PC 0x00007FFFF0FC9E08
Unable to capture context for thread 8576 in process 8768, can not generate back trace
Unable to capture context for thread 10584 in process 8768, can not generate back trace
Exception at PC 0x00007FFF7CA9BB93
Printing stacktrace...

Exception at PC 0x00007FFFF0FC9E08
Exception at PC 0x00007FFFF0FC9E08
Exception at PC 0x00007FFFF0FC9E08
Exception at PC 0x00007FFFF0FC9E08
Exception at PC 0x00007FFFF0FC9E08
Exception at PC 0x00007FFFF0FC9E08
Exception at PC 0x00007FFFF0FC9E08
Exception at PC 0x00007FFFF0FC9E08
Exception at PC 0x00007FFFF0FC9E08
Exception at PC 0x00007FFFF0FC9E08
Exception at PC 0x00007FFFF0FC9E08
Exception at PC 0x00007FFFF0FC9E08
Exception at PC 0x00007FFFF0FC9E08
Exception at PC 0x00007FFFF0FC9E08
Exception at PC 0x00007FFFF0FC9E08
Exception at PC 0x00007FFFF0FC9E08
[0]  [0x00007FFF7CA9BB93]
[1]  [0x00007FFF7CA9BB93]
[2]  [0x00007FFF7CA9B4A1]
[3]  [0x00007FFF7CA9B3EF]
[4]  [0x00007FFF7CA819FE]
[5]  [0x00007FFF7CA80ED1]
[6]  [0x00007FFF7CA80D76]
[7]  [0x00007FFF7CA279F6]
[8]  [0x00007FFF7CA17AFB]
[9]  [0x00007FFF7CB3E90A]
[10]  [0x00007FFF7CB59F87]
[11]  [0x00007FFF7CB5A05F]
[12] (BaseThreadInitThunk+0x14) [0x00007FFFF3392774]
[13] (RtlUserThreadStart+0x21) [0x00007FFFF48E0D61]
Done
